[0m2021.07.30 21:25:58 INFO  Started: Metals version 0.10.5 in workspace '/home/soa/Arienzo_Scotti_Giordano/Progetto_SOA/SOA_Project' for client Visual Studio Code 1.58.2.[0m
[0m2021.07.30 21:26:00 INFO  time: initialize in 2.13s[0m
[0m2021.07.30 21:26:01 WARN  Build server is not auto-connectable.[0m
[0m2021.07.30 21:26:04 WARN  no build target for: /home/soa/Arienzo_Scotti_Giordano/Progetto_SOA/SOA_Project/src/main/scala/SOA_Project.scala[0m
[0m2021.07.30 21:26:05 INFO  running '/home/soa/.jabba/jdk/adopt@1.11.0-11/bin/java -Djline.terminal=jline.UnsupportedTerminal -Dsbt.log.noformat=true -Dfile.encoding=UTF-8 -jar /tmp/metals39938086038465828/sbt-launch.jar -Dbloop.export-jar-classifiers=sources bloopInstall'[0m
[0m2021.07.30 21:26:06 WARN  no build target for: /home/soa/Arienzo_Scotti_Giordano/Progetto_SOA/SOA_Project/project/metals.sbt[0m
[0m2021.07.30 21:26:06 WARN  no build target for: /home/soa/Arienzo_Scotti_Giordano/Progetto_SOA/SOA_Project/project/project/metals.sbt[0m
[0m2021.07.30 21:26:06 INFO  skipping build import with status 'Started'[0m
[0m2021.07.30 21:26:08 INFO  no build target: using presentation compiler with only scala-library: 2.12.14[0m
[0m2021.07.30 21:26:10 INFO  [info] welcome to sbt 1.4.9 (AdoptOpenJDK Java 11.0.11)[0m
[0m2021.07.30 21:26:11 INFO  time: code lens generation in 5.79s[0m
[0m2021.07.30 21:26:11 INFO  time: code lens generation in 7.53s[0m
[0m2021.07.30 21:26:16 INFO  [info] loading settings for project soa_project-build-build from metals.sbt ...[0m
[0m2021.07.30 21:26:17 INFO  [info] loading project definition from /home/soa/Arienzo_Scotti_Giordano/Progetto_SOA/SOA_Project/project/project[0m
[0m2021.07.30 21:26:25 INFO  [info] loading settings for project soa_project-build from metals.sbt ...[0m
[0m2021.07.30 21:26:25 INFO  [info] loading project definition from /home/soa/Arienzo_Scotti_Giordano/Progetto_SOA/SOA_Project/project[0m
[0m2021.07.30 21:26:33 INFO  [success] Generated .bloop/soa_project-build.json[0m
[0m2021.07.30 21:26:33 INFO  [success] Total time: 8 s, completed Jul 30, 2021, 9:26:33 PM[0m
[0m2021.07.30 21:26:35 INFO  [info] loading settings for project soa_project from build.sbt ...[0m
[0m2021.07.30 21:26:35 INFO  [info] set current project to SOA_Project (in build file:/home/soa/Arienzo_Scotti_Giordano/Progetto_SOA/SOA_Project/)[0m
[0m2021.07.30 21:26:45 INFO  [warn] There may be incompatibilities among your library dependencies; run 'evicted' to see detailed eviction warnings.[0m
[0m2021.07.30 21:26:45 INFO  [success] Generated .bloop/soa_project-test.json[0m
[0m2021.07.30 21:26:45 INFO  [success] Generated .bloop/soa_project.json[0m
[0m2021.07.30 21:26:45 INFO  [success] Total time: 10 s, completed Jul 30, 2021, 9:26:46 PM[0m
[0m2021.07.30 21:26:46 INFO  time: ran 'sbt bloopInstall' in 40s[0m
[0m2021.07.30 21:26:45 INFO  sbt bloopInstall exit: 0[0m
[0m2021.07.30 21:26:46 INFO  Attempting to connect to the build server...[0m
Starting the bsp launcher for bloop...
Opening a bsp server connection with 'bsp --protocol local --socket /tmp/bsp-launcher9968664126187385533/bsp.socket'...
Waiting for the bsp connection to come up...
Waiting for the bsp connection to come up...
Waiting for the bsp connection to come up...
Waiting for the bsp connection to come up...
Waiting for the bsp connection to come up...
Waiting for the bsp connection to come up...
Waiting for the bsp connection to come up...
Waiting for the bsp connection to come up...
Waiting for the bsp connection to come up...
Waiting for the bsp connection to come up...
No server running at 127.0.0.1:8212, let's fire one...
Resolving ch.epfl.scala:bloop-frontend_2.12:1.4.8-19-4d9f966b...
Starting bloop server at 127.0.0.1:8212...
Attempting a connection to the server...
Attempting a connection to the server...
Attempting a connection to the server...
Attempting a connection to the server...
Attempting a connection to the server...
Attempting a connection to the server...
Attempting a connection to the server...
Attempting a connection to the server...
Attempting a connection to the server...
[0m[32m[D][0m Loading 2 projects from '/home/soa/Arienzo_Scotti_Giordano/Progetto_SOA/SOA_Project/.bloop'...
[0m[32m[D][0m Loading project from '/home/soa/Arienzo_Scotti_Giordano/Progetto_SOA/SOA_Project/.bloop/soa_project.json'
[0m[32m[D][0m Loading project from '/home/soa/Arienzo_Scotti_Giordano/Progetto_SOA/SOA_Project/.bloop/soa_project-test.json'
[0m[32m[D][0m Cache miss for scala instance org.scala-lang:scala-compiler:2.12.10.
[0m[32m[D][0m   => /home/soa/.cache/coursier/v1/https/repo1.maven.org/maven2/jline/jline/2.14.6/jline-2.14.6.jar
[0m[32m[D][0m   => /home/soa/.cache/coursier/v1/https/repo1.maven.org/maven2/org/fusesource/jansi/jansi/1.12/jansi-1.12.jar
[0m[32m[D][0m   => /home/soa/.cache/coursier/v1/https/repo1.maven.org/maven2/org/scala-lang/modules/scala-xml_2.12/1.0.6/scala-xml_2.12-1.0.6.jar
[0m[32m[D][0m   => /home/soa/.cache/coursier/v1/https/repo1.maven.org/maven2/org/scala-lang/scala-compiler/2.12.10/scala-compiler-2.12.10.jar
[0m[32m[D][0m   => /home/soa/.cache/coursier/v1/https/repo1.maven.org/maven2/org/scala-lang/scala-library/2.12.10/scala-library-2.12.10.jar
[0m[32m[D][0m   => /home/soa/.cache/coursier/v1/https/repo1.maven.org/maven2/org/scala-lang/scala-reflect/2.12.10/scala-reflect-2.12.10.jar
[0m[32m[D][0m Missing analysis file for project 'soa_project'
[0m[32m[D][0m Missing analysis file for project 'soa_project-test'
[0m[32m[D][0m Waiting for a connection at local:///tmp/bsp-launcher9968664126187385533/bsp.socket...
The server is listening for incoming connections at local:///tmp/bsp-launcher9968664126187385533/bsp.socket...
Starting thread that pumps stdin and redirects it to the bsp server...
Starting thread that pumps server stdout and redirects it to the client stdout...
[0m2021.07.30 21:26:57 INFO  tracing is disabled for protocol BSP, to enable tracing of incoming and outgoing JSON messages create an empty file at /home/soa/.cache/metals/bsp.trace.json[0m
[0m2021.07.30 21:27:02 INFO  Attempting to connect to the build server...[0m
Starting the bsp launcher for bloop...
Opening a bsp server connection with 'bsp --protocol local --socket /tmp/bsp-launcher14906036587467670549/bsp.socket'...
Waiting for the bsp connection to come up...
[0m[32m[D][0m Loading workspace settings from bloop.settings.json
[0m[32m[D][0m Waiting for a connection at local:///tmp/bsp-launcher14906036587467670549/bsp.socket...
The server is listening for incoming connections at local:///tmp/bsp-launcher14906036587467670549/bsp.socket...
Starting thread that pumps stdin and redirects it to the bsp server...
Starting thread that pumps server stdout and redirects it to the client stdout...
[0m2021.07.30 21:27:02 INFO  tracing is disabled for protocol BSP, to enable tracing of incoming and outgoing JSON messages create an empty file at /home/soa/.cache/metals/bsp.trace.json[0m
[0m2021.07.30 21:27:03 INFO  time: Connected to build server in 16s[0m
[0m2021.07.30 21:27:03 INFO  Connected to Build server: Bloop v1.4.8-19-4d9f966b[0m
[0m2021.07.30 21:27:03 INFO  time: Imported build in 0.2s[0m
[0m2021.07.30 21:27:11 INFO  time: indexed workspace in 8.19s[0m
[0m2021.07.30 21:27:12 INFO  Deduplicating compilation of soa_project from bsp client 'Metals 0.10.5' (since 13.314s)[0m
[0m2021.07.30 21:27:12 INFO  compiling soa_project (1 scala source)[0m
[0m2021.07.30 21:27:12 INFO  compiling soa_project (1 scala source)[0m
[0m2021.07.30 21:27:33 INFO  time: compiled soa_project in 20s[0m
[0m2021.07.30 21:28:17 INFO  compiling soa_project (1 scala source)[0m
[0m2021.07.30 21:28:17 INFO  time: compiled soa_project in 0.52s[0m
[0m2021.07.30 21:28:23 INFO  compiling soa_project (1 scala source)[0m
[0m2021.07.30 21:28:23 INFO  time: compiled soa_project in 0.43s[0m
[0m2021.07.30 21:28:36 INFO  compiling soa_project (1 scala source)[0m
[0m2021.07.30 21:28:36 INFO  time: compiled soa_project in 0.38s[0m
[0m2021.07.30 21:28:47 INFO  compiling soa_project (1 scala source)[0m
[0m2021.07.30 21:28:47 INFO  time: compiled soa_project in 0.3s[0m
[0m2021.07.30 21:28:59 INFO  tracing is disabled for protocol dap-server, to enable tracing of incoming and outgoing JSON messages create an empty file at /home/soa/.cache/metals/dap-server.trace.json[0m
[0m2021.07.30 21:28:59 INFO  tracing is disabled for protocol dap-client, to enable tracing of incoming and outgoing JSON messages create an empty file at /home/soa/.cache/metals/dap-client.trace.json[0m
[0m2021.07.30 21:28:59 INFO  Starting debug proxy for [SOA_Project][0m
[0m2021.07.30 21:28:59 INFO  Listening for transport dt_socket at address: 33680[0m
[0m2021.07.30 21:28:59 INFO  Trying to attach to remote debuggee VM localhost:33680 .[0m
[0m2021.07.30 21:28:59 INFO  Attaching to debuggee VM succeeded.[0m
[0m2021.07.30 21:28:59 WARN  [Warn] The debugger and the debuggee are running in different versions of JVMs. You could see wrong source mapping results.
Debugger JVM version: 1.8.0_201
Debuggee JVM version: 11.0.11[0m
[0m2021.07.30 21:29:02 ERROR WARNING: An illegal reflective access operation has occurred[0m
[0m2021.07.30 21:29:02 ERROR WARNING: Illegal reflective access by org.apache.spark.unsafe.Platform (file:/home/soa/.cache/coursier/v1/https/repo1.maven.org/maven2/org/apache/spark/spark-unsafe_2.12/3.1.2/spark-unsafe_2.12-3.1.2.jar) to constructor java.nio.DirectByteBuffer(long,int)[0m
[0m2021.07.30 21:29:02 ERROR WARNING: Please consider reporting this to the maintainers of org.apache.spark.unsafe.Platform[0m
[0m2021.07.30 21:29:02 ERROR WARNING: Use --illegal-access=warn to enable warnings of further illegal reflective access operations[0m
[0m2021.07.30 21:29:02 ERROR WARNING: All illegal access operations will be denied in a future release[0m
[0m2021.07.30 21:29:02 ERROR Using Spark's default log4j profile: org/apache/spark/log4j-defaults.properties[0m
[0m2021.07.30 21:29:02 ERROR 21/07/30 21:29:02 INFO SparkContext: Running Spark version 3.1.2[0m
[0m2021.07.30 21:29:03 ERROR 21/07/30 21:29:03 WARN NativeCodeLoader: Unable to load native-hadoop library for your platform... using builtin-java classes where applicable[0m
[0m2021.07.30 21:29:03 ERROR 21/07/30 21:29:03 ERROR SparkContext: Error initializing SparkContext.[0m
[0m2021.07.30 21:29:03 ERROR org.apache.spark.SparkException: A master URL must be set in your configuration[0m
[0m2021.07.30 21:29:03 ERROR 	at org.apache.spark.SparkContext.<init>(SparkContext.scala:394)[0m
[0m2021.07.30 21:29:03 ERROR 	at org.apache.spark.SparkContext$.getOrCreate(SparkContext.scala:2672)[0m
[0m2021.07.30 21:29:03 ERROR 	at org.apache.spark.sql.SparkSession$Builder.$anonfun$getOrCreate$2(SparkSession.scala:945)[0m
[0m2021.07.30 21:29:03 ERROR 	at scala.Option.getOrElse(Option.scala:189)[0m
[0m2021.07.30 21:29:03 ERROR 	at org.apache.spark.sql.SparkSession$Builder.getOrCreate(SparkSession.scala:939)[0m
[0m2021.07.30 21:29:03 ERROR 	at SOA_Project$.main(SOA_Project.scala:10)[0m
[0m2021.07.30 21:29:03 ERROR 	at SOA_Project.main(SOA_Project.scala)[0m
[0m2021.07.30 21:29:03 ERROR 21/07/30 21:29:03 INFO SparkContext: Successfully stopped SparkContext[0m
[0m2021.07.30 21:29:03 ERROR Exception in thread "main" org.apache.spark.SparkException: A master URL must be set in your configuration[0m
[0m2021.07.30 21:29:03 ERROR 	at org.apache.spark.SparkContext.<init>(SparkContext.scala:394)[0m
[0m2021.07.30 21:29:03 ERROR 	at org.apache.spark.SparkContext$.getOrCreate(SparkContext.scala:2672)[0m
[0m2021.07.30 21:29:03 ERROR 	at org.apache.spark.sql.SparkSession$Builder.$anonfun$getOrCreate$2(SparkSession.scala:945)[0m
[0m2021.07.30 21:29:03 ERROR 	at scala.Option.getOrElse(Option.scala:189)[0m
[0m2021.07.30 21:29:03 ERROR 	at org.apache.spark.sql.SparkSession$Builder.getOrCreate(SparkSession.scala:939)[0m
[0m2021.07.30 21:29:03 ERROR 	at SOA_Project$.main(SOA_Project.scala:10)[0m
[0m2021.07.30 21:29:03 ERROR 	at SOA_Project.main(SOA_Project.scala)[0m
[0m2021.07.30 21:29:07 INFO  Canceling debug proxy for [SOA_Project][0m
[0m2021.07.30 21:29:33 INFO  compiling soa_project (1 scala source)[0m
[0m2021.07.30 21:29:33 INFO  time: compiled soa_project in 0.3s[0m
[0m2021.07.30 21:29:35 INFO  compiling soa_project (1 scala source)[0m
[0m2021.07.30 21:29:37 INFO  time: compiled soa_project in 1.51s[0m
[0m2021.07.30 21:29:37 INFO  compiling soa_project (1 scala source)[0m
[0m2021.07.30 21:29:37 INFO  time: compiled soa_project in 0.52s[0m
Jul 30, 2021 9:32:46 PM org.eclipse.lsp4j.jsonrpc.services.GenericEndpoint notify
INFO: Unsupported notification method: $/setTrace
[0m2021.07.30 21:33:01 ERROR open browser: https://scalameta.org/metals/docs/editors/vscode.html
java.io.IOException: Cannot run program "xdg-open": error=2, No such file or directory
	at java.lang.ProcessBuilder.start(ProcessBuilder.java:1128)
	at java.lang.ProcessBuilder.start(ProcessBuilder.java:1071)
	at scala.sys.process.ProcessBuilderImpl$Simple.run(ProcessBuilderImpl.scala:75)
	at scala.sys.process.ProcessBuilderImpl$AbstractBuilder.$bang(ProcessBuilderImpl.scala:119)
	at scala.sys.process.ProcessBuilderImpl$AbstractBuilder.slurp(ProcessBuilderImpl.scala:135)
	at scala.sys.process.ProcessBuilderImpl$AbstractBuilder.$bang$bang(ProcessBuilderImpl.scala:108)
	at scala.meta.internal.metals.Urls$.openBrowser(Urls.scala:33)
	at scala.meta.internal.metals.MetalsLanguageServer.executeCommand(MetalsLanguageServer.scala:1609)
	at jdk.internal.reflect.NativeMethodAccessorImpl.invoke0(Native Method)
	at jdk.internal.reflect.NativeMethodAccessorImpl.invoke(NativeMethodAccessorImpl.java:62)
	at jdk.internal.reflect.DelegatingMethodAccessorImpl.invoke(DelegatingMethodAccessorImpl.java:43)
	at java.lang.reflect.Method.invoke(Method.java:566)
	at org.eclipse.lsp4j.jsonrpc.services.GenericEndpoint.lambda$null$0(GenericEndpoint.java:65)
	at org.eclipse.lsp4j.jsonrpc.services.GenericEndpoint.request(GenericEndpoint.java:120)
	at org.eclipse.lsp4j.jsonrpc.RemoteEndpoint.handleRequest(RemoteEndpoint.java:261)
	at org.eclipse.lsp4j.jsonrpc.RemoteEndpoint.consume(RemoteEndpoint.java:190)
	at org.eclipse.lsp4j.jsonrpc.json.StreamMessageProducer.handleMessage(StreamMessageProducer.java:194)
	at org.eclipse.lsp4j.jsonrpc.json.StreamMessageProducer.listen(StreamMessageProducer.java:94)
	at org.eclipse.lsp4j.jsonrpc.json.ConcurrentMessageProcessor.run(ConcurrentMessageProcessor.java:113)
	at java.util.concurrent.Executors$RunnableAdapter.call(Executors.java:515)
	at java.util.concurrent.FutureTask.run(FutureTask.java:264)
	at java.util.concurrent.ThreadPoolExecutor.runWorker(ThreadPoolExecutor.java:1128)
	at java.util.concurrent.ThreadPoolExecutor$Worker.run(ThreadPoolExecutor.java:628)
	at java.lang.Thread.run(Thread.java:829)
Caused by: java.io.IOException: error=2, No such file or directory
	at java.lang.ProcessImpl.forkAndExec(Native Method)
	at java.lang.ProcessImpl.<init>(ProcessImpl.java:340)
	at java.lang.ProcessImpl.start(ProcessImpl.java:271)
	at java.lang.ProcessBuilder.start(ProcessBuilder.java:1107)
	at java.lang.ProcessBuilder.start(ProcessBuilder.java:1071)
	at scala.sys.process.ProcessBuilderImpl$Simple.run(ProcessBuilderImpl.scala:75)
	at scala.sys.process.ProcessBuilderImpl$AbstractBuilder.$bang(ProcessBuilderImpl.scala:119)
	at scala.sys.process.ProcessBuilderImpl$AbstractBuilder.slurp(ProcessBuilderImpl.scala:135)
	at scala.sys.process.ProcessBuilderImpl$AbstractBuilder.$bang$bang(ProcessBuilderImpl.scala:108)
	at scala.meta.internal.metals.Urls$.openBrowser(Urls.scala:33)
	at scala.meta.internal.metals.MetalsLanguageServer.executeCommand(MetalsLanguageServer.scala:1609)
	at jdk.internal.reflect.NativeMethodAccessorImpl.invoke0(Native Method)
	at jdk.internal.reflect.NativeMethodAccessorImpl.invoke(NativeMethodAccessorImpl.java:62)
	at jdk.internal.reflect.DelegatingMethodAccessorImpl.invoke(DelegatingMethodAccessorImpl.java:43)
	at java.lang.reflect.Method.invoke(Method.java:566)
	at org.eclipse.lsp4j.jsonrpc.services.GenericEndpoint.lambda$null$0(GenericEndpoint.java:65)
	at org.eclipse.lsp4j.jsonrpc.services.GenericEndpoint.request(GenericEndpoint.java:120)
	at org.eclipse.lsp4j.jsonrpc.RemoteEndpoint.handleRequest(RemoteEndpoint.java:261)
	at org.eclipse.lsp4j.jsonrpc.RemoteEndpoint.consume(RemoteEndpoint.java:190)
	at org.eclipse.lsp4j.jsonrpc.json.StreamMessageProducer.handleMessage(StreamMessageProducer.java:194)
	at org.eclipse.lsp4j.jsonrpc.json.StreamMessageProducer.listen(StreamMessageProducer.java:94)
	at org.eclipse.lsp4j.jsonrpc.json.ConcurrentMessageProcessor.run(ConcurrentMessageProcessor.java:113)
	at java.util.concurrent.Executors$RunnableAdapter.call(Executors.java:515)
	at java.util.concurrent.FutureTask.run(FutureTask.java:264)
	at java.util.concurrent.ThreadPoolExecutor.runWorker(ThreadPoolExecutor.java:1128)
	at java.util.concurrent.ThreadPoolExecutor$Worker.run(ThreadPoolExecutor.java:628)
	at java.lang.Thread.run(Thread.java:829)
[0m
[0m2021.07.30 21:33:01 ERROR open browser: https://scalameta.org/metals/docs/editors/vscode.html
java.io.IOException: Cannot run program "xdg-open": error=2, No such file or directory
	at java.lang.ProcessBuilder.start(ProcessBuilder.java:1128)
	at java.lang.ProcessBuilder.start(ProcessBuilder.java:1071)
	at scala.sys.process.ProcessBuilderImpl$Simple.run(ProcessBuilderImpl.scala:75)
	at scala.sys.process.ProcessBuilderImpl$AbstractBuilder.$bang(ProcessBuilderImpl.scala:119)
	at scala.sys.process.ProcessBuilderImpl$AbstractBuilder.slurp(ProcessBuilderImpl.scala:135)
	at scala.sys.process.ProcessBuilderImpl$AbstractBuilder.$bang$bang(ProcessBuilderImpl.scala:108)
	at scala.meta.internal.metals.Urls$.openBrowser(Urls.scala:33)
	at scala.meta.internal.metals.MetalsLanguageServer.executeCommand(MetalsLanguageServer.scala:1609)
	at jdk.internal.reflect.NativeMethodAccessorImpl.invoke0(Native Method)
	at jdk.internal.reflect.NativeMethodAccessorImpl.invoke(NativeMethodAccessorImpl.java:62)
	at jdk.internal.reflect.DelegatingMethodAccessorImpl.invoke(DelegatingMethodAccessorImpl.java:43)
	at java.lang.reflect.Method.invoke(Method.java:566)
	at org.eclipse.lsp4j.jsonrpc.services.GenericEndpoint.lambda$null$0(GenericEndpoint.java:65)
	at org.eclipse.lsp4j.jsonrpc.services.GenericEndpoint.request(GenericEndpoint.java:120)
	at org.eclipse.lsp4j.jsonrpc.RemoteEndpoint.handleRequest(RemoteEndpoint.java:261)
	at org.eclipse.lsp4j.jsonrpc.RemoteEndpoint.consume(RemoteEndpoint.java:190)
	at org.eclipse.lsp4j.jsonrpc.json.StreamMessageProducer.handleMessage(StreamMessageProducer.java:194)
	at org.eclipse.lsp4j.jsonrpc.json.StreamMessageProducer.listen(StreamMessageProducer.java:94)
	at org.eclipse.lsp4j.jsonrpc.json.ConcurrentMessageProcessor.run(ConcurrentMessageProcessor.java:113)
	at java.util.concurrent.Executors$RunnableAdapter.call(Executors.java:515)
	at java.util.concurrent.FutureTask.run(FutureTask.java:264)
	at java.util.concurrent.ThreadPoolExecutor.runWorker(ThreadPoolExecutor.java:1128)
	at java.util.concurrent.ThreadPoolExecutor$Worker.run(ThreadPoolExecutor.java:628)
	at java.lang.Thread.run(Thread.java:829)
Caused by: java.io.IOException: error=2, No such file or directory
	at java.lang.ProcessImpl.forkAndExec(Native Method)
	at java.lang.ProcessImpl.<init>(ProcessImpl.java:340)
	at java.lang.ProcessImpl.start(ProcessImpl.java:271)
	at java.lang.ProcessBuilder.start(ProcessBuilder.java:1107)
	at java.lang.ProcessBuilder.start(ProcessBuilder.java:1071)
	at scala.sys.process.ProcessBuilderImpl$Simple.run(ProcessBuilderImpl.scala:75)
	at scala.sys.process.ProcessBuilderImpl$AbstractBuilder.$bang(ProcessBuilderImpl.scala:119)
	at scala.sys.process.ProcessBuilderImpl$AbstractBuilder.slurp(ProcessBuilderImpl.scala:135)
	at scala.sys.process.ProcessBuilderImpl$AbstractBuilder.$bang$bang(ProcessBuilderImpl.scala:108)
	at scala.meta.internal.metals.Urls$.openBrowser(Urls.scala:33)
	at scala.meta.internal.metals.MetalsLanguageServer.executeCommand(MetalsLanguageServer.scala:1609)
	at jdk.internal.reflect.NativeMethodAccessorImpl.invoke0(Native Method)
	at jdk.internal.reflect.NativeMethodAccessorImpl.invoke(NativeMethodAccessorImpl.java:62)
	at jdk.internal.reflect.DelegatingMethodAccessorImpl.invoke(DelegatingMethodAccessorImpl.java:43)
	at java.lang.reflect.Method.invoke(Method.java:566)
	at org.eclipse.lsp4j.jsonrpc.services.GenericEndpoint.lambda$null$0(GenericEndpoint.java:65)
	at org.eclipse.lsp4j.jsonrpc.services.GenericEndpoint.request(GenericEndpoint.java:120)
	at org.eclipse.lsp4j.jsonrpc.RemoteEndpoint.handleRequest(RemoteEndpoint.java:261)
	at org.eclipse.lsp4j.jsonrpc.RemoteEndpoint.consume(RemoteEndpoint.java:190)
	at org.eclipse.lsp4j.jsonrpc.json.StreamMessageProducer.handleMessage(StreamMessageProducer.java:194)
	at org.eclipse.lsp4j.jsonrpc.json.StreamMessageProducer.listen(StreamMessageProducer.java:94)
	at org.eclipse.lsp4j.jsonrpc.json.ConcurrentMessageProcessor.run(ConcurrentMessageProcessor.java:113)
	at java.util.concurrent.Executors$RunnableAdapter.call(Executors.java:515)
	at java.util.concurrent.FutureTask.run(FutureTask.java:264)
	at java.util.concurrent.ThreadPoolExecutor.runWorker(ThreadPoolExecutor.java:1128)
	at java.util.concurrent.ThreadPoolExecutor$Worker.run(ThreadPoolExecutor.java:628)
	at java.lang.Thread.run(Thread.java:829)
[0m
[0m2021.07.30 21:33:01 ERROR open browser: https://scalameta.org/metals/docs/editors/vscode.html
java.io.IOException: Cannot run program "xdg-open": error=2, No such file or directory
	at java.lang.ProcessBuilder.start(ProcessBuilder.java:1128)
	at java.lang.ProcessBuilder.start(ProcessBuilder.java:1071)
	at scala.sys.process.ProcessBuilderImpl$Simple.run(ProcessBuilderImpl.scala:75)
	at scala.sys.process.ProcessBuilderImpl$AbstractBuilder.$bang(ProcessBuilderImpl.scala:119)
	at scala.sys.process.ProcessBuilderImpl$AbstractBuilder.slurp(ProcessBuilderImpl.scala:135)
	at scala.sys.process.ProcessBuilderImpl$AbstractBuilder.$bang$bang(ProcessBuilderImpl.scala:108)
	at scala.meta.internal.metals.Urls$.openBrowser(Urls.scala:33)
	at scala.meta.internal.metals.MetalsLanguageServer.executeCommand(MetalsLanguageServer.scala:1609)
	at jdk.internal.reflect.NativeMethodAccessorImpl.invoke0(Native Method)
	at jdk.internal.reflect.NativeMethodAccessorImpl.invoke(NativeMethodAccessorImpl.java:62)
	at jdk.internal.reflect.DelegatingMethodAccessorImpl.invoke(DelegatingMethodAccessorImpl.java:43)
	at java.lang.reflect.Method.invoke(Method.java:566)
	at org.eclipse.lsp4j.jsonrpc.services.GenericEndpoint.lambda$null$0(GenericEndpoint.java:65)
	at org.eclipse.lsp4j.jsonrpc.services.GenericEndpoint.request(GenericEndpoint.java:120)
	at org.eclipse.lsp4j.jsonrpc.RemoteEndpoint.handleRequest(RemoteEndpoint.java:261)
	at org.eclipse.lsp4j.jsonrpc.RemoteEndpoint.consume(RemoteEndpoint.java:190)
	at org.eclipse.lsp4j.jsonrpc.json.StreamMessageProducer.handleMessage(StreamMessageProducer.java:194)
	at org.eclipse.lsp4j.jsonrpc.json.StreamMessageProducer.listen(StreamMessageProducer.java:94)
	at org.eclipse.lsp4j.jsonrpc.json.ConcurrentMessageProcessor.run(ConcurrentMessageProcessor.java:113)
	at java.util.concurrent.Executors$RunnableAdapter.call(Executors.java:515)
	at java.util.concurrent.FutureTask.run(FutureTask.java:264)
	at java.util.concurrent.ThreadPoolExecutor.runWorker(ThreadPoolExecutor.java:1128)
	at java.util.concurrent.ThreadPoolExecutor$Worker.run(ThreadPoolExecutor.java:628)
	at java.lang.Thread.run(Thread.java:829)
Caused by: java.io.IOException: error=2, No such file or directory
	at java.lang.ProcessImpl.forkAndExec(Native Method)
	at java.lang.ProcessImpl.<init>(ProcessImpl.java:340)
	at java.lang.ProcessImpl.start(ProcessImpl.java:271)
	at java.lang.ProcessBuilder.start(ProcessBuilder.java:1107)
	at java.lang.ProcessBuilder.start(ProcessBuilder.java:1071)
	at scala.sys.process.ProcessBuilderImpl$Simple.run(ProcessBuilderImpl.scala:75)
	at scala.sys.process.ProcessBuilderImpl$AbstractBuilder.$bang(ProcessBuilderImpl.scala:119)
	at scala.sys.process.ProcessBuilderImpl$AbstractBuilder.slurp(ProcessBuilderImpl.scala:135)
	at scala.sys.process.ProcessBuilderImpl$AbstractBuilder.$bang$bang(ProcessBuilderImpl.scala:108)
	at scala.meta.internal.metals.Urls$.openBrowser(Urls.scala:33)
	at scala.meta.internal.metals.MetalsLanguageServer.executeCommand(MetalsLanguageServer.scala:1609)
	at jdk.internal.reflect.NativeMethodAccessorImpl.invoke0(Native Method)
	at jdk.internal.reflect.NativeMethodAccessorImpl.invoke(NativeMethodAccessorImpl.java:62)
	at jdk.internal.reflect.DelegatingMethodAccessorImpl.invoke(DelegatingMethodAccessorImpl.java:43)
	at java.lang.reflect.Method.invoke(Method.java:566)
	at org.eclipse.lsp4j.jsonrpc.services.GenericEndpoint.lambda$null$0(GenericEndpoint.java:65)
	at org.eclipse.lsp4j.jsonrpc.services.GenericEndpoint.request(GenericEndpoint.java:120)
	at org.eclipse.lsp4j.jsonrpc.RemoteEndpoint.handleRequest(RemoteEndpoint.java:261)
	at org.eclipse.lsp4j.jsonrpc.RemoteEndpoint.consume(RemoteEndpoint.java:190)
	at org.eclipse.lsp4j.jsonrpc.json.StreamMessageProducer.handleMessage(StreamMessageProducer.java:194)
	at org.eclipse.lsp4j.jsonrpc.json.StreamMessageProducer.listen(StreamMessageProducer.java:94)
	at org.eclipse.lsp4j.jsonrpc.json.ConcurrentMessageProcessor.run(ConcurrentMessageProcessor.java:113)
	at java.util.concurrent.Executors$RunnableAdapter.call(Executors.java:515)
	at java.util.concurrent.FutureTask.run(FutureTask.java:264)
	at java.util.concurrent.ThreadPoolExecutor.runWorker(ThreadPoolExecutor.java:1128)
	at java.util.concurrent.ThreadPoolExecutor$Worker.run(ThreadPoolExecutor.java:628)
	at java.lang.Thread.run(Thread.java:829)
[0m
[0m2021.07.30 21:33:05 ERROR open browser: https://scalameta.org/metals/docs/editors/vscode.html
java.io.IOException: Cannot run program "xdg-open": error=2, No such file or directory
	at java.lang.ProcessBuilder.start(ProcessBuilder.java:1128)
	at java.lang.ProcessBuilder.start(ProcessBuilder.java:1071)
	at scala.sys.process.ProcessBuilderImpl$Simple.run(ProcessBuilderImpl.scala:75)
	at scala.sys.process.ProcessBuilderImpl$AbstractBuilder.$bang(ProcessBuilderImpl.scala:119)
	at scala.sys.process.ProcessBuilderImpl$AbstractBuilder.slurp(ProcessBuilderImpl.scala:135)
	at scala.sys.process.ProcessBuilderImpl$AbstractBuilder.$bang$bang(ProcessBuilderImpl.scala:108)
	at scala.meta.internal.metals.Urls$.openBrowser(Urls.scala:33)
	at scala.meta.internal.metals.MetalsLanguageServer.executeCommand(MetalsLanguageServer.scala:1609)
	at jdk.internal.reflect.NativeMethodAccessorImpl.invoke0(Native Method)
	at jdk.internal.reflect.NativeMethodAccessorImpl.invoke(NativeMethodAccessorImpl.java:62)
	at jdk.internal.reflect.DelegatingMethodAccessorImpl.invoke(DelegatingMethodAccessorImpl.java:43)
	at java.lang.reflect.Method.invoke(Method.java:566)
	at org.eclipse.lsp4j.jsonrpc.services.GenericEndpoint.lambda$null$0(GenericEndpoint.java:65)
	at org.eclipse.lsp4j.jsonrpc.services.GenericEndpoint.request(GenericEndpoint.java:120)
	at org.eclipse.lsp4j.jsonrpc.RemoteEndpoint.handleRequest(RemoteEndpoint.java:261)
	at org.eclipse.lsp4j.jsonrpc.RemoteEndpoint.consume(RemoteEndpoint.java:190)
	at org.eclipse.lsp4j.jsonrpc.json.StreamMessageProducer.handleMessage(StreamMessageProducer.java:194)
	at org.eclipse.lsp4j.jsonrpc.json.StreamMessageProducer.listen(StreamMessageProducer.java:94)
	at org.eclipse.lsp4j.jsonrpc.json.ConcurrentMessageProcessor.run(ConcurrentMessageProcessor.java:113)
	at java.util.concurrent.Executors$RunnableAdapter.call(Executors.java:515)
	at java.util.concurrent.FutureTask.run(FutureTask.java:264)
	at java.util.concurrent.ThreadPoolExecutor.runWorker(ThreadPoolExecutor.java:1128)
	at java.util.concurrent.ThreadPoolExecutor$Worker.run(ThreadPoolExecutor.java:628)
	at java.lang.Thread.run(Thread.java:829)
Caused by: java.io.IOException: error=2, No such file or directory
	at java.lang.ProcessImpl.forkAndExec(Native Method)
	at java.lang.ProcessImpl.<init>(ProcessImpl.java:340)
	at java.lang.ProcessImpl.start(ProcessImpl.java:271)
	at java.lang.ProcessBuilder.start(ProcessBuilder.java:1107)
	at java.lang.ProcessBuilder.start(ProcessBuilder.java:1071)
	at scala.sys.process.ProcessBuilderImpl$Simple.run(ProcessBuilderImpl.scala:75)
	at scala.sys.process.ProcessBuilderImpl$AbstractBuilder.$bang(ProcessBuilderImpl.scala:119)
	at scala.sys.process.ProcessBuilderImpl$AbstractBuilder.slurp(ProcessBuilderImpl.scala:135)
	at scala.sys.process.ProcessBuilderImpl$AbstractBuilder.$bang$bang(ProcessBuilderImpl.scala:108)
	at scala.meta.internal.metals.Urls$.openBrowser(Urls.scala:33)
	at scala.meta.internal.metals.MetalsLanguageServer.executeCommand(MetalsLanguageServer.scala:1609)
	at jdk.internal.reflect.NativeMethodAccessorImpl.invoke0(Native Method)
	at jdk.internal.reflect.NativeMethodAccessorImpl.invoke(NativeMethodAccessorImpl.java:62)
	at jdk.internal.reflect.DelegatingMethodAccessorImpl.invoke(DelegatingMethodAccessorImpl.java:43)
	at java.lang.reflect.Method.invoke(Method.java:566)
	at org.eclipse.lsp4j.jsonrpc.services.GenericEndpoint.lambda$null$0(GenericEndpoint.java:65)
	at org.eclipse.lsp4j.jsonrpc.services.GenericEndpoint.request(GenericEndpoint.java:120)
	at org.eclipse.lsp4j.jsonrpc.RemoteEndpoint.handleRequest(RemoteEndpoint.java:261)
	at org.eclipse.lsp4j.jsonrpc.RemoteEndpoint.consume(RemoteEndpoint.java:190)
	at org.eclipse.lsp4j.jsonrpc.json.StreamMessageProducer.handleMessage(StreamMessageProducer.java:194)
	at org.eclipse.lsp4j.jsonrpc.json.StreamMessageProducer.listen(StreamMessageProducer.java:94)
	at org.eclipse.lsp4j.jsonrpc.json.ConcurrentMessageProcessor.run(ConcurrentMessageProcessor.java:113)
	at java.util.concurrent.Executors$RunnableAdapter.call(Executors.java:515)
	at java.util.concurrent.FutureTask.run(FutureTask.java:264)
	at java.util.concurrent.ThreadPoolExecutor.runWorker(ThreadPoolExecutor.java:1128)
	at java.util.concurrent.ThreadPoolExecutor$Worker.run(ThreadPoolExecutor.java:628)
	at java.lang.Thread.run(Thread.java:829)
[0m
[0m2021.07.30 21:33:05 ERROR open browser: https://scalameta.org/metals/docs/editors/vscode.html
java.io.IOException: Cannot run program "xdg-open": error=2, No such file or directory
	at java.lang.ProcessBuilder.start(ProcessBuilder.java:1128)
	at java.lang.ProcessBuilder.start(ProcessBuilder.java:1071)
	at scala.sys.process.ProcessBuilderImpl$Simple.run(ProcessBuilderImpl.scala:75)
	at scala.sys.process.ProcessBuilderImpl$AbstractBuilder.$bang(ProcessBuilderImpl.scala:119)
	at scala.sys.process.ProcessBuilderImpl$AbstractBuilder.slurp(ProcessBuilderImpl.scala:135)
	at scala.sys.process.ProcessBuilderImpl$AbstractBuilder.$bang$bang(ProcessBuilderImpl.scala:108)
	at scala.meta.internal.metals.Urls$.openBrowser(Urls.scala:33)
	at scala.meta.internal.metals.MetalsLanguageServer.executeCommand(MetalsLanguageServer.scala:1609)
	at jdk.internal.reflect.NativeMethodAccessorImpl.invoke0(Native Method)
	at jdk.internal.reflect.NativeMethodAccessorImpl.invoke(NativeMethodAccessorImpl.java:62)
	at jdk.internal.reflect.DelegatingMethodAccessorImpl.invoke(DelegatingMethodAccessorImpl.java:43)
	at java.lang.reflect.Method.invoke(Method.java:566)
	at org.eclipse.lsp4j.jsonrpc.services.GenericEndpoint.lambda$null$0(GenericEndpoint.java:65)
	at org.eclipse.lsp4j.jsonrpc.services.GenericEndpoint.request(GenericEndpoint.java:120)
	at org.eclipse.lsp4j.jsonrpc.RemoteEndpoint.handleRequest(RemoteEndpoint.java:261)
	at org.eclipse.lsp4j.jsonrpc.RemoteEndpoint.consume(RemoteEndpoint.java:190)
	at org.eclipse.lsp4j.jsonrpc.json.StreamMessageProducer.handleMessage(StreamMessageProducer.java:194)
	at org.eclipse.lsp4j.jsonrpc.json.StreamMessageProducer.listen(StreamMessageProducer.java:94)
	at org.eclipse.lsp4j.jsonrpc.json.ConcurrentMessageProcessor.run(ConcurrentMessageProcessor.java:113)
	at java.util.concurrent.Executors$RunnableAdapter.call(Executors.java:515)
	at java.util.concurrent.FutureTask.run(FutureTask.java:264)
	at java.util.concurrent.ThreadPoolExecutor.runWorker(ThreadPoolExecutor.java:1128)
	at java.util.concurrent.ThreadPoolExecutor$Worker.run(ThreadPoolExecutor.java:628)
	at java.lang.Thread.run(Thread.java:829)
Caused by: java.io.IOException: error=2, No such file or directory
	at java.lang.ProcessImpl.forkAndExec(Native Method)
	at java.lang.ProcessImpl.<init>(ProcessImpl.java:340)
	at java.lang.ProcessImpl.start(ProcessImpl.java:271)
	at java.lang.ProcessBuilder.start(ProcessBuilder.java:1107)
	at java.lang.ProcessBuilder.start(ProcessBuilder.java:1071)
	at scala.sys.process.ProcessBuilderImpl$Simple.run(ProcessBuilderImpl.scala:75)
	at scala.sys.process.ProcessBuilderImpl$AbstractBuilder.$bang(ProcessBuilderImpl.scala:119)
	at scala.sys.process.ProcessBuilderImpl$AbstractBuilder.slurp(ProcessBuilderImpl.scala:135)
	at scala.sys.process.ProcessBuilderImpl$AbstractBuilder.$bang$bang(ProcessBuilderImpl.scala:108)
	at scala.meta.internal.metals.Urls$.openBrowser(Urls.scala:33)
	at scala.meta.internal.metals.MetalsLanguageServer.executeCommand(MetalsLanguageServer.scala:1609)
	at jdk.internal.reflect.NativeMethodAccessorImpl.invoke0(Native Method)
	at jdk.internal.reflect.NativeMethodAccessorImpl.invoke(NativeMethodAccessorImpl.java:62)
	at jdk.internal.reflect.DelegatingMethodAccessorImpl.invoke(DelegatingMethodAccessorImpl.java:43)
	at java.lang.reflect.Method.invoke(Method.java:566)
	at org.eclipse.lsp4j.jsonrpc.services.GenericEndpoint.lambda$null$0(GenericEndpoint.java:65)
	at org.eclipse.lsp4j.jsonrpc.services.GenericEndpoint.request(GenericEndpoint.java:120)
	at org.eclipse.lsp4j.jsonrpc.RemoteEndpoint.handleRequest(RemoteEndpoint.java:261)
	at org.eclipse.lsp4j.jsonrpc.RemoteEndpoint.consume(RemoteEndpoint.java:190)
	at org.eclipse.lsp4j.jsonrpc.json.StreamMessageProducer.handleMessage(StreamMessageProducer.java:194)
	at org.eclipse.lsp4j.jsonrpc.json.StreamMessageProducer.listen(StreamMessageProducer.java:94)
	at org.eclipse.lsp4j.jsonrpc.json.ConcurrentMessageProcessor.run(ConcurrentMessageProcessor.java:113)
	at java.util.concurrent.Executors$RunnableAdapter.call(Executors.java:515)
	at java.util.concurrent.FutureTask.run(FutureTask.java:264)
	at java.util.concurrent.ThreadPoolExecutor.runWorker(ThreadPoolExecutor.java:1128)
	at java.util.concurrent.ThreadPoolExecutor$Worker.run(ThreadPoolExecutor.java:628)
	at java.lang.Thread.run(Thread.java:829)
[0m
[0m2021.07.30 21:33:06 ERROR open browser: https://github.com/scalameta/metals/issues/new/choose
java.io.IOException: Cannot run program "xdg-open": error=2, No such file or directory
	at java.lang.ProcessBuilder.start(ProcessBuilder.java:1128)
	at java.lang.ProcessBuilder.start(ProcessBuilder.java:1071)
	at scala.sys.process.ProcessBuilderImpl$Simple.run(ProcessBuilderImpl.scala:75)
	at scala.sys.process.ProcessBuilderImpl$AbstractBuilder.$bang(ProcessBuilderImpl.scala:119)
	at scala.sys.process.ProcessBuilderImpl$AbstractBuilder.slurp(ProcessBuilderImpl.scala:135)
	at scala.sys.process.ProcessBuilderImpl$AbstractBuilder.$bang$bang(ProcessBuilderImpl.scala:108)
	at scala.meta.internal.metals.Urls$.openBrowser(Urls.scala:33)
	at scala.meta.internal.metals.MetalsLanguageServer.executeCommand(MetalsLanguageServer.scala:1609)
	at jdk.internal.reflect.NativeMethodAccessorImpl.invoke0(Native Method)
	at jdk.internal.reflect.NativeMethodAccessorImpl.invoke(NativeMethodAccessorImpl.java:62)
	at jdk.internal.reflect.DelegatingMethodAccessorImpl.invoke(DelegatingMethodAccessorImpl.java:43)
	at java.lang.reflect.Method.invoke(Method.java:566)
	at org.eclipse.lsp4j.jsonrpc.services.GenericEndpoint.lambda$null$0(GenericEndpoint.java:65)
	at org.eclipse.lsp4j.jsonrpc.services.GenericEndpoint.request(GenericEndpoint.java:120)
	at org.eclipse.lsp4j.jsonrpc.RemoteEndpoint.handleRequest(RemoteEndpoint.java:261)
	at org.eclipse.lsp4j.jsonrpc.RemoteEndpoint.consume(RemoteEndpoint.java:190)
	at org.eclipse.lsp4j.jsonrpc.json.StreamMessageProducer.handleMessage(StreamMessageProducer.java:194)
	at org.eclipse.lsp4j.jsonrpc.json.StreamMessageProducer.listen(StreamMessageProducer.java:94)
	at org.eclipse.lsp4j.jsonrpc.json.ConcurrentMessageProcessor.run(ConcurrentMessageProcessor.java:113)
	at java.util.concurrent.Executors$RunnableAdapter.call(Executors.java:515)
	at java.util.concurrent.FutureTask.run(FutureTask.java:264)
	at java.util.concurrent.ThreadPoolExecutor.runWorker(ThreadPoolExecutor.java:1128)
	at java.util.concurrent.ThreadPoolExecutor$Worker.run(ThreadPoolExecutor.java:628)
	at java.lang.Thread.run(Thread.java:829)
Caused by: java.io.IOException: error=2, No such file or directory
	at java.lang.ProcessImpl.forkAndExec(Native Method)
	at java.lang.ProcessImpl.<init>(ProcessImpl.java:340)
	at java.lang.ProcessImpl.start(ProcessImpl.java:271)
	at java.lang.ProcessBuilder.start(ProcessBuilder.java:1107)
	at java.lang.ProcessBuilder.start(ProcessBuilder.java:1071)
	at scala.sys.process.ProcessBuilderImpl$Simple.run(ProcessBuilderImpl.scala:75)
	at scala.sys.process.ProcessBuilderImpl$AbstractBuilder.$bang(ProcessBuilderImpl.scala:119)
	at scala.sys.process.ProcessBuilderImpl$AbstractBuilder.slurp(ProcessBuilderImpl.scala:135)
	at scala.sys.process.ProcessBuilderImpl$AbstractBuilder.$bang$bang(ProcessBuilderImpl.scala:108)
	at scala.meta.internal.metals.Urls$.openBrowser(Urls.scala:33)
	at scala.meta.internal.metals.MetalsLanguageServer.executeCommand(MetalsLanguageServer.scala:1609)
	at jdk.internal.reflect.NativeMethodAccessorImpl.invoke0(Native Method)
	at jdk.internal.reflect.NativeMethodAccessorImpl.invoke(NativeMethodAccessorImpl.java:62)
	at jdk.internal.reflect.DelegatingMethodAccessorImpl.invoke(DelegatingMethodAccessorImpl.java:43)
	at java.lang.reflect.Method.invoke(Method.java:566)
	at org.eclipse.lsp4j.jsonrpc.services.GenericEndpoint.lambda$null$0(GenericEndpoint.java:65)
	at org.eclipse.lsp4j.jsonrpc.services.GenericEndpoint.request(GenericEndpoint.java:120)
	at org.eclipse.lsp4j.jsonrpc.RemoteEndpoint.handleRequest(RemoteEndpoint.java:261)
	at org.eclipse.lsp4j.jsonrpc.RemoteEndpoint.consume(RemoteEndpoint.java:190)
	at org.eclipse.lsp4j.jsonrpc.json.StreamMessageProducer.handleMessage(StreamMessageProducer.java:194)
	at org.eclipse.lsp4j.jsonrpc.json.StreamMessageProducer.listen(StreamMessageProducer.java:94)
	at org.eclipse.lsp4j.jsonrpc.json.ConcurrentMessageProcessor.run(ConcurrentMessageProcessor.java:113)
	at java.util.concurrent.Executors$RunnableAdapter.call(Executors.java:515)
	at java.util.concurrent.FutureTask.run(FutureTask.java:264)
	at java.util.concurrent.ThreadPoolExecutor.runWorker(ThreadPoolExecutor.java:1128)
	at java.util.concurrent.ThreadPoolExecutor$Worker.run(ThreadPoolExecutor.java:628)
	at java.lang.Thread.run(Thread.java:829)
[0m
[0m2021.07.30 21:33:06 ERROR open browser: https://gitter.im/scalameta/metals
java.io.IOException: Cannot run program "xdg-open": error=2, No such file or directory
	at java.lang.ProcessBuilder.start(ProcessBuilder.java:1128)
	at java.lang.ProcessBuilder.start(ProcessBuilder.java:1071)
	at scala.sys.process.ProcessBuilderImpl$Simple.run(ProcessBuilderImpl.scala:75)
	at scala.sys.process.ProcessBuilderImpl$AbstractBuilder.$bang(ProcessBuilderImpl.scala:119)
	at scala.sys.process.ProcessBuilderImpl$AbstractBuilder.slurp(ProcessBuilderImpl.scala:135)
	at scala.sys.process.ProcessBuilderImpl$AbstractBuilder.$bang$bang(ProcessBuilderImpl.scala:108)
	at scala.meta.internal.metals.Urls$.openBrowser(Urls.scala:33)
	at scala.meta.internal.metals.MetalsLanguageServer.executeCommand(MetalsLanguageServer.scala:1609)
	at jdk.internal.reflect.NativeMethodAccessorImpl.invoke0(Native Method)
	at jdk.internal.reflect.NativeMethodAccessorImpl.invoke(NativeMethodAccessorImpl.java:62)
	at jdk.internal.reflect.DelegatingMethodAccessorImpl.invoke(DelegatingMethodAccessorImpl.java:43)
	at java.lang.reflect.Method.invoke(Method.java:566)
	at org.eclipse.lsp4j.jsonrpc.services.GenericEndpoint.lambda$null$0(GenericEndpoint.java:65)
	at org.eclipse.lsp4j.jsonrpc.services.GenericEndpoint.request(GenericEndpoint.java:120)
	at org.eclipse.lsp4j.jsonrpc.RemoteEndpoint.handleRequest(RemoteEndpoint.java:261)
	at org.eclipse.lsp4j.jsonrpc.RemoteEndpoint.consume(RemoteEndpoint.java:190)
	at org.eclipse.lsp4j.jsonrpc.json.StreamMessageProducer.handleMessage(StreamMessageProducer.java:194)
	at org.eclipse.lsp4j.jsonrpc.json.StreamMessageProducer.listen(StreamMessageProducer.java:94)
	at org.eclipse.lsp4j.jsonrpc.json.ConcurrentMessageProcessor.run(ConcurrentMessageProcessor.java:113)
	at java.util.concurrent.Executors$RunnableAdapter.call(Executors.java:515)
	at java.util.concurrent.FutureTask.run(FutureTask.java:264)
	at java.util.concurrent.ThreadPoolExecutor.runWorker(ThreadPoolExecutor.java:1128)
	at java.util.concurrent.ThreadPoolExecutor$Worker.run(ThreadPoolExecutor.java:628)
	at java.lang.Thread.run(Thread.java:829)
Caused by: java.io.IOException: error=2, No such file or directory
	at java.lang.ProcessImpl.forkAndExec(Native Method)
	at java.lang.ProcessImpl.<init>(ProcessImpl.java:340)
	at java.lang.ProcessImpl.start(ProcessImpl.java:271)
	at java.lang.ProcessBuilder.start(ProcessBuilder.java:1107)
	at java.lang.ProcessBuilder.start(ProcessBuilder.java:1071)
	at scala.sys.process.ProcessBuilderImpl$Simple.run(ProcessBuilderImpl.scala:75)
	at scala.sys.process.ProcessBuilderImpl$AbstractBuilder.$bang(ProcessBuilderImpl.scala:119)
	at scala.sys.process.ProcessBuilderImpl$AbstractBuilder.slurp(ProcessBuilderImpl.scala:135)
	at scala.sys.process.ProcessBuilderImpl$AbstractBuilder.$bang$bang(ProcessBuilderImpl.scala:108)
	at scala.meta.internal.metals.Urls$.openBrowser(Urls.scala:33)
	at scala.meta.internal.metals.MetalsLanguageServer.executeCommand(MetalsLanguageServer.scala:1609)
	at jdk.internal.reflect.NativeMethodAccessorImpl.invoke0(Native Method)
	at jdk.internal.reflect.NativeMethodAccessorImpl.invoke(NativeMethodAccessorImpl.java:62)
	at jdk.internal.reflect.DelegatingMethodAccessorImpl.invoke(DelegatingMethodAccessorImpl.java:43)
	at java.lang.reflect.Method.invoke(Method.java:566)
	at org.eclipse.lsp4j.jsonrpc.services.GenericEndpoint.lambda$null$0(GenericEndpoint.java:65)
	at org.eclipse.lsp4j.jsonrpc.services.GenericEndpoint.request(GenericEndpoint.java:120)
	at org.eclipse.lsp4j.jsonrpc.RemoteEndpoint.handleRequest(RemoteEndpoint.java:261)
	at org.eclipse.lsp4j.jsonrpc.RemoteEndpoint.consume(RemoteEndpoint.java:190)
	at org.eclipse.lsp4j.jsonrpc.json.StreamMessageProducer.handleMessage(StreamMessageProducer.java:194)
	at org.eclipse.lsp4j.jsonrpc.json.StreamMessageProducer.listen(StreamMessageProducer.java:94)
	at org.eclipse.lsp4j.jsonrpc.json.ConcurrentMessageProcessor.run(ConcurrentMessageProcessor.java:113)
	at java.util.concurrent.Executors$RunnableAdapter.call(Executors.java:515)
	at java.util.concurrent.FutureTask.run(FutureTask.java:264)
	at java.util.concurrent.ThreadPoolExecutor.runWorker(ThreadPoolExecutor.java:1128)
	at java.util.concurrent.ThreadPoolExecutor$Worker.run(ThreadPoolExecutor.java:628)
	at java.lang.Thread.run(Thread.java:829)
[0m
[0m2021.07.30 21:33:07 ERROR open browser: https://gitter.im/scalameta/metals
java.io.IOException: Cannot run program "xdg-open": error=2, No such file or directory
	at java.lang.ProcessBuilder.start(ProcessBuilder.java:1128)
	at java.lang.ProcessBuilder.start(ProcessBuilder.java:1071)
	at scala.sys.process.ProcessBuilderImpl$Simple.run(ProcessBuilderImpl.scala:75)
	at scala.sys.process.ProcessBuilderImpl$AbstractBuilder.$bang(ProcessBuilderImpl.scala:119)
	at scala.sys.process.ProcessBuilderImpl$AbstractBuilder.slurp(ProcessBuilderImpl.scala:135)
	at scala.sys.process.ProcessBuilderImpl$AbstractBuilder.$bang$bang(ProcessBuilderImpl.scala:108)
	at scala.meta.internal.metals.Urls$.openBrowser(Urls.scala:33)
	at scala.meta.internal.metals.MetalsLanguageServer.executeCommand(MetalsLanguageServer.scala:1609)
	at jdk.internal.reflect.NativeMethodAccessorImpl.invoke0(Native Method)
	at jdk.internal.reflect.NativeMethodAccessorImpl.invoke(NativeMethodAccessorImpl.java:62)
	at jdk.internal.reflect.DelegatingMethodAccessorImpl.invoke(DelegatingMethodAccessorImpl.java:43)
	at java.lang.reflect.Method.invoke(Method.java:566)
	at org.eclipse.lsp4j.jsonrpc.services.GenericEndpoint.lambda$null$0(GenericEndpoint.java:65)
	at org.eclipse.lsp4j.jsonrpc.services.GenericEndpoint.request(GenericEndpoint.java:120)
	at org.eclipse.lsp4j.jsonrpc.RemoteEndpoint.handleRequest(RemoteEndpoint.java:261)
	at org.eclipse.lsp4j.jsonrpc.RemoteEndpoint.consume(RemoteEndpoint.java:190)
	at org.eclipse.lsp4j.jsonrpc.json.StreamMessageProducer.handleMessage(StreamMessageProducer.java:194)
	at org.eclipse.lsp4j.jsonrpc.json.StreamMessageProducer.listen(StreamMessageProducer.java:94)
	at org.eclipse.lsp4j.jsonrpc.json.ConcurrentMessageProcessor.run(ConcurrentMessageProcessor.java:113)
	at java.util.concurrent.Executors$RunnableAdapter.call(Executors.java:515)
	at java.util.concurrent.FutureTask.run(FutureTask.java:264)
	at java.util.concurrent.ThreadPoolExecutor.runWorker(ThreadPoolExecutor.java:1128)
	at java.util.concurrent.ThreadPoolExecutor$Worker.run(ThreadPoolExecutor.java:628)
	at java.lang.Thread.run(Thread.java:829)
Caused by: java.io.IOException: error=2, No such file or directory
	at java.lang.ProcessImpl.forkAndExec(Native Method)
	at java.lang.ProcessImpl.<init>(ProcessImpl.java:340)
	at java.lang.ProcessImpl.start(ProcessImpl.java:271)
	at java.lang.ProcessBuilder.start(ProcessBuilder.java:1107)
	at java.lang.ProcessBuilder.start(ProcessBuilder.java:1071)
	at scala.sys.process.ProcessBuilderImpl$Simple.run(ProcessBuilderImpl.scala:75)
	at scala.sys.process.ProcessBuilderImpl$AbstractBuilder.$bang(ProcessBuilderImpl.scala:119)
	at scala.sys.process.ProcessBuilderImpl$AbstractBuilder.slurp(ProcessBuilderImpl.scala:135)
	at scala.sys.process.ProcessBuilderImpl$AbstractBuilder.$bang$bang(ProcessBuilderImpl.scala:108)
	at scala.meta.internal.metals.Urls$.openBrowser(Urls.scala:33)
	at scala.meta.internal.metals.MetalsLanguageServer.executeCommand(MetalsLanguageServer.scala:1609)
	at jdk.internal.reflect.NativeMethodAccessorImpl.invoke0(Native Method)
	at jdk.internal.reflect.NativeMethodAccessorImpl.invoke(NativeMethodAccessorImpl.java:62)
	at jdk.internal.reflect.DelegatingMethodAccessorImpl.invoke(DelegatingMethodAccessorImpl.java:43)
	at java.lang.reflect.Method.invoke(Method.java:566)
	at org.eclipse.lsp4j.jsonrpc.services.GenericEndpoint.lambda$null$0(GenericEndpoint.java:65)
	at org.eclipse.lsp4j.jsonrpc.services.GenericEndpoint.request(GenericEndpoint.java:120)
	at org.eclipse.lsp4j.jsonrpc.RemoteEndpoint.handleRequest(RemoteEndpoint.java:261)
	at org.eclipse.lsp4j.jsonrpc.RemoteEndpoint.consume(RemoteEndpoint.java:190)
	at org.eclipse.lsp4j.jsonrpc.json.StreamMessageProducer.handleMessage(StreamMessageProducer.java:194)
	at org.eclipse.lsp4j.jsonrpc.json.StreamMessageProducer.listen(StreamMessageProducer.java:94)
	at org.eclipse.lsp4j.jsonrpc.json.ConcurrentMessageProcessor.run(ConcurrentMessageProcessor.java:113)
	at java.util.concurrent.Executors$RunnableAdapter.call(Executors.java:515)
	at java.util.concurrent.FutureTask.run(FutureTask.java:264)
	at java.util.concurrent.ThreadPoolExecutor.runWorker(ThreadPoolExecutor.java:1128)
	at java.util.concurrent.ThreadPoolExecutor$Worker.run(ThreadPoolExecutor.java:628)
	at java.lang.Thread.run(Thread.java:829)
[0m
[0m2021.07.30 21:33:07 ERROR open browser: https://gitter.im/scalameta/metals
java.io.IOException: Cannot run program "xdg-open": error=2, No such file or directory
	at java.lang.ProcessBuilder.start(ProcessBuilder.java:1128)
	at java.lang.ProcessBuilder.start(ProcessBuilder.java:1071)
	at scala.sys.process.ProcessBuilderImpl$Simple.run(ProcessBuilderImpl.scala:75)
	at scala.sys.process.ProcessBuilderImpl$AbstractBuilder.$bang(ProcessBuilderImpl.scala:119)
	at scala.sys.process.ProcessBuilderImpl$AbstractBuilder.slurp(ProcessBuilderImpl.scala:135)
	at scala.sys.process.ProcessBuilderImpl$AbstractBuilder.$bang$bang(ProcessBuilderImpl.scala:108)
	at scala.meta.internal.metals.Urls$.openBrowser(Urls.scala:33)
	at scala.meta.internal.metals.MetalsLanguageServer.executeCommand(MetalsLanguageServer.scala:1609)
	at jdk.internal.reflect.NativeMethodAccessorImpl.invoke0(Native Method)
	at jdk.internal.reflect.NativeMethodAccessorImpl.invoke(NativeMethodAccessorImpl.java:62)
	at jdk.internal.reflect.DelegatingMethodAccessorImpl.invoke(DelegatingMethodAccessorImpl.java:43)
	at java.lang.reflect.Method.invoke(Method.java:566)
	at org.eclipse.lsp4j.jsonrpc.services.GenericEndpoint.lambda$null$0(GenericEndpoint.java:65)
	at org.eclipse.lsp4j.jsonrpc.services.GenericEndpoint.request(GenericEndpoint.java:120)
	at org.eclipse.lsp4j.jsonrpc.RemoteEndpoint.handleRequest(RemoteEndpoint.java:261)
	at org.eclipse.lsp4j.jsonrpc.RemoteEndpoint.consume(RemoteEndpoint.java:190)
	at org.eclipse.lsp4j.jsonrpc.json.StreamMessageProducer.handleMessage(StreamMessageProducer.java:194)
	at org.eclipse.lsp4j.jsonrpc.json.StreamMessageProducer.listen(StreamMessageProducer.java:94)
	at org.eclipse.lsp4j.jsonrpc.json.ConcurrentMessageProcessor.run(ConcurrentMessageProcessor.java:113)
	at java.util.concurrent.Executors$RunnableAdapter.call(Executors.java:515)
	at java.util.concurrent.FutureTask.run(FutureTask.java:264)
	at java.util.concurrent.ThreadPoolExecutor.runWorker(ThreadPoolExecutor.java:1128)
	at java.util.concurrent.ThreadPoolExecutor$Worker.run(ThreadPoolExecutor.java:628)
	at java.lang.Thread.run(Thread.java:829)
Caused by: java.io.IOException: error=2, No such file or directory
	at java.lang.ProcessImpl.forkAndExec(Native Method)
	at java.lang.ProcessImpl.<init>(ProcessImpl.java:340)
	at java.lang.ProcessImpl.start(ProcessImpl.java:271)
	at java.lang.ProcessBuilder.start(ProcessBuilder.java:1107)
	at java.lang.ProcessBuilder.start(ProcessBuilder.java:1071)
	at scala.sys.process.ProcessBuilderImpl$Simple.run(ProcessBuilderImpl.scala:75)
	at scala.sys.process.ProcessBuilderImpl$AbstractBuilder.$bang(ProcessBuilderImpl.scala:119)
	at scala.sys.process.ProcessBuilderImpl$AbstractBuilder.slurp(ProcessBuilderImpl.scala:135)
	at scala.sys.process.ProcessBuilderImpl$AbstractBuilder.$bang$bang(ProcessBuilderImpl.scala:108)
	at scala.meta.internal.metals.Urls$.openBrowser(Urls.scala:33)
	at scala.meta.internal.metals.MetalsLanguageServer.executeCommand(MetalsLanguageServer.scala:1609)
	at jdk.internal.reflect.NativeMethodAccessorImpl.invoke0(Native Method)
	at jdk.internal.reflect.NativeMethodAccessorImpl.invoke(NativeMethodAccessorImpl.java:62)
	at jdk.internal.reflect.DelegatingMethodAccessorImpl.invoke(DelegatingMethodAccessorImpl.java:43)
	at java.lang.reflect.Method.invoke(Method.java:566)
	at org.eclipse.lsp4j.jsonrpc.services.GenericEndpoint.lambda$null$0(GenericEndpoint.java:65)
	at org.eclipse.lsp4j.jsonrpc.services.GenericEndpoint.request(GenericEndpoint.java:120)
	at org.eclipse.lsp4j.jsonrpc.RemoteEndpoint.handleRequest(RemoteEndpoint.java:261)
	at org.eclipse.lsp4j.jsonrpc.RemoteEndpoint.consume(RemoteEndpoint.java:190)
	at org.eclipse.lsp4j.jsonrpc.json.StreamMessageProducer.handleMessage(StreamMessageProducer.java:194)
	at org.eclipse.lsp4j.jsonrpc.json.StreamMessageProducer.listen(StreamMessageProducer.java:94)
	at org.eclipse.lsp4j.jsonrpc.json.ConcurrentMessageProcessor.run(ConcurrentMessageProcessor.java:113)
	at java.util.concurrent.Executors$RunnableAdapter.call(Executors.java:515)
	at java.util.concurrent.FutureTask.run(FutureTask.java:264)
	at java.util.concurrent.ThreadPoolExecutor.runWorker(ThreadPoolExecutor.java:1128)
	at java.util.concurrent.ThreadPoolExecutor$Worker.run(ThreadPoolExecutor.java:628)
	at java.lang.Thread.run(Thread.java:829)
[0m
[0m2021.07.30 21:33:07 ERROR open browser: https://discord.gg/RFpSVth
java.io.IOException: Cannot run program "xdg-open": error=2, No such file or directory
	at java.lang.ProcessBuilder.start(ProcessBuilder.java:1128)
	at java.lang.ProcessBuilder.start(ProcessBuilder.java:1071)
	at scala.sys.process.ProcessBuilderImpl$Simple.run(ProcessBuilderImpl.scala:75)
	at scala.sys.process.ProcessBuilderImpl$AbstractBuilder.$bang(ProcessBuilderImpl.scala:119)
	at scala.sys.process.ProcessBuilderImpl$AbstractBuilder.slurp(ProcessBuilderImpl.scala:135)
	at scala.sys.process.ProcessBuilderImpl$AbstractBuilder.$bang$bang(ProcessBuilderImpl.scala:108)
	at scala.meta.internal.metals.Urls$.openBrowser(Urls.scala:33)
	at scala.meta.internal.metals.MetalsLanguageServer.executeCommand(MetalsLanguageServer.scala:1609)
	at jdk.internal.reflect.NativeMethodAccessorImpl.invoke0(Native Method)
	at jdk.internal.reflect.NativeMethodAccessorImpl.invoke(NativeMethodAccessorImpl.java:62)
	at jdk.internal.reflect.DelegatingMethodAccessorImpl.invoke(DelegatingMethodAccessorImpl.java:43)
	at java.lang.reflect.Method.invoke(Method.java:566)
	at org.eclipse.lsp4j.jsonrpc.services.GenericEndpoint.lambda$null$0(GenericEndpoint.java:65)
	at org.eclipse.lsp4j.jsonrpc.services.GenericEndpoint.request(GenericEndpoint.java:120)
	at org.eclipse.lsp4j.jsonrpc.RemoteEndpoint.handleRequest(RemoteEndpoint.java:261)
	at org.eclipse.lsp4j.jsonrpc.RemoteEndpoint.consume(RemoteEndpoint.java:190)
	at org.eclipse.lsp4j.jsonrpc.json.StreamMessageProducer.handleMessage(StreamMessageProducer.java:194)
	at org.eclipse.lsp4j.jsonrpc.json.StreamMessageProducer.listen(StreamMessageProducer.java:94)
	at org.eclipse.lsp4j.jsonrpc.json.ConcurrentMessageProcessor.run(ConcurrentMessageProcessor.java:113)
	at java.util.concurrent.Executors$RunnableAdapter.call(Executors.java:515)
	at java.util.concurrent.FutureTask.run(FutureTask.java:264)
	at java.util.concurrent.ThreadPoolExecutor.runWorker(ThreadPoolExecutor.java:1128)
	at java.util.concurrent.ThreadPoolExecutor$Worker.run(ThreadPoolExecutor.java:628)
	at java.lang.Thread.run(Thread.java:829)
Caused by: java.io.IOException: error=2, No such file or directory
	at java.lang.ProcessImpl.forkAndExec(Native Method)
	at java.lang.ProcessImpl.<init>(ProcessImpl.java:340)
	at java.lang.ProcessImpl.start(ProcessImpl.java:271)
	at java.lang.ProcessBuilder.start(ProcessBuilder.java:1107)
	at java.lang.ProcessBuilder.start(ProcessBuilder.java:1071)
	at scala.sys.process.ProcessBuilderImpl$Simple.run(ProcessBuilderImpl.scala:75)
	at scala.sys.process.ProcessBuilderImpl$AbstractBuilder.$bang(ProcessBuilderImpl.scala:119)
	at scala.sys.process.ProcessBuilderImpl$AbstractBuilder.slurp(ProcessBuilderImpl.scala:135)
	at scala.sys.process.ProcessBuilderImpl$AbstractBuilder.$bang$bang(ProcessBuilderImpl.scala:108)
	at scala.meta.internal.metals.Urls$.openBrowser(Urls.scala:33)
	at scala.meta.internal.metals.MetalsLanguageServer.executeCommand(MetalsLanguageServer.scala:1609)
	at jdk.internal.reflect.NativeMethodAccessorImpl.invoke0(Native Method)
	at jdk.internal.reflect.NativeMethodAccessorImpl.invoke(NativeMethodAccessorImpl.java:62)
	at jdk.internal.reflect.DelegatingMethodAccessorImpl.invoke(DelegatingMethodAccessorImpl.java:43)
	at java.lang.reflect.Method.invoke(Method.java:566)
	at org.eclipse.lsp4j.jsonrpc.services.GenericEndpoint.lambda$null$0(GenericEndpoint.java:65)
	at org.eclipse.lsp4j.jsonrpc.services.GenericEndpoint.request(GenericEndpoint.java:120)
	at org.eclipse.lsp4j.jsonrpc.RemoteEndpoint.handleRequest(RemoteEndpoint.java:261)
	at org.eclipse.lsp4j.jsonrpc.RemoteEndpoint.consume(RemoteEndpoint.java:190)
	at org.eclipse.lsp4j.jsonrpc.json.StreamMessageProducer.handleMessage(StreamMessageProducer.java:194)
	at org.eclipse.lsp4j.jsonrpc.json.StreamMessageProducer.listen(StreamMessageProducer.java:94)
	at org.eclipse.lsp4j.jsonrpc.json.ConcurrentMessageProcessor.run(ConcurrentMessageProcessor.java:113)
	at java.util.concurrent.Executors$RunnableAdapter.call(Executors.java:515)
	at java.util.concurrent.FutureTask.run(FutureTask.java:264)
	at java.util.concurrent.ThreadPoolExecutor.runWorker(ThreadPoolExecutor.java:1128)
	at java.util.concurrent.ThreadPoolExecutor$Worker.run(ThreadPoolExecutor.java:628)
	at java.lang.Thread.run(Thread.java:829)
[0m
[0m2021.07.30 21:33:07 ERROR open browser: https://discord.gg/RFpSVth
java.io.IOException: Cannot run program "xdg-open": error=2, No such file or directory
	at java.lang.ProcessBuilder.start(ProcessBuilder.java:1128)
	at java.lang.ProcessBuilder.start(ProcessBuilder.java:1071)
	at scala.sys.process.ProcessBuilderImpl$Simple.run(ProcessBuilderImpl.scala:75)
	at scala.sys.process.ProcessBuilderImpl$AbstractBuilder.$bang(ProcessBuilderImpl.scala:119)
	at scala.sys.process.ProcessBuilderImpl$AbstractBuilder.slurp(ProcessBuilderImpl.scala:135)
	at scala.sys.process.ProcessBuilderImpl$AbstractBuilder.$bang$bang(ProcessBuilderImpl.scala:108)
	at scala.meta.internal.metals.Urls$.openBrowser(Urls.scala:33)
	at scala.meta.internal.metals.MetalsLanguageServer.executeCommand(MetalsLanguageServer.scala:1609)
	at jdk.internal.reflect.NativeMethodAccessorImpl.invoke0(Native Method)
	at jdk.internal.reflect.NativeMethodAccessorImpl.invoke(NativeMethodAccessorImpl.java:62)
	at jdk.internal.reflect.DelegatingMethodAccessorImpl.invoke(DelegatingMethodAccessorImpl.java:43)
	at java.lang.reflect.Method.invoke(Method.java:566)
	at org.eclipse.lsp4j.jsonrpc.services.GenericEndpoint.lambda$null$0(GenericEndpoint.java:65)
	at org.eclipse.lsp4j.jsonrpc.services.GenericEndpoint.request(GenericEndpoint.java:120)
	at org.eclipse.lsp4j.jsonrpc.RemoteEndpoint.handleRequest(RemoteEndpoint.java:261)
	at org.eclipse.lsp4j.jsonrpc.RemoteEndpoint.consume(RemoteEndpoint.java:190)
	at org.eclipse.lsp4j.jsonrpc.json.StreamMessageProducer.handleMessage(StreamMessageProducer.java:194)
	at org.eclipse.lsp4j.jsonrpc.json.StreamMessageProducer.listen(StreamMessageProducer.java:94)
	at org.eclipse.lsp4j.jsonrpc.json.ConcurrentMessageProcessor.run(ConcurrentMessageProcessor.java:113)
	at java.util.concurrent.Executors$RunnableAdapter.call(Executors.java:515)
	at java.util.concurrent.FutureTask.run(FutureTask.java:264)
	at java.util.concurrent.ThreadPoolExecutor.runWorker(ThreadPoolExecutor.java:1128)
	at java.util.concurrent.ThreadPoolExecutor$Worker.run(ThreadPoolExecutor.java:628)
	at java.lang.Thread.run(Thread.java:829)
Caused by: java.io.IOException: error=2, No such file or directory
	at java.lang.ProcessImpl.forkAndExec(Native Method)
	at java.lang.ProcessImpl.<init>(ProcessImpl.java:340)
	at java.lang.ProcessImpl.start(ProcessImpl.java:271)
	at java.lang.ProcessBuilder.start(ProcessBuilder.java:1107)
	at java.lang.ProcessBuilder.start(ProcessBuilder.java:1071)
	at scala.sys.process.ProcessBuilderImpl$Simple.run(ProcessBuilderImpl.scala:75)
	at scala.sys.process.ProcessBuilderImpl$AbstractBuilder.$bang(ProcessBuilderImpl.scala:119)
	at scala.sys.process.ProcessBuilderImpl$AbstractBuilder.slurp(ProcessBuilderImpl.scala:135)
	at scala.sys.process.ProcessBuilderImpl$AbstractBuilder.$bang$bang(ProcessBuilderImpl.scala:108)
	at scala.meta.internal.metals.Urls$.openBrowser(Urls.scala:33)
	at scala.meta.internal.metals.MetalsLanguageServer.executeCommand(MetalsLanguageServer.scala:1609)
	at jdk.internal.reflect.NativeMethodAccessorImpl.invoke0(Native Method)
	at jdk.internal.reflect.NativeMethodAccessorImpl.invoke(NativeMethodAccessorImpl.java:62)
	at jdk.internal.reflect.DelegatingMethodAccessorImpl.invoke(DelegatingMethodAccessorImpl.java:43)
	at java.lang.reflect.Method.invoke(Method.java:566)
	at org.eclipse.lsp4j.jsonrpc.services.GenericEndpoint.lambda$null$0(GenericEndpoint.java:65)
	at org.eclipse.lsp4j.jsonrpc.services.GenericEndpoint.request(GenericEndpoint.java:120)
	at org.eclipse.lsp4j.jsonrpc.RemoteEndpoint.handleRequest(RemoteEndpoint.java:261)
	at org.eclipse.lsp4j.jsonrpc.RemoteEndpoint.consume(RemoteEndpoint.java:190)
	at org.eclipse.lsp4j.jsonrpc.json.StreamMessageProducer.handleMessage(StreamMessageProducer.java:194)
	at org.eclipse.lsp4j.jsonrpc.json.StreamMessageProducer.listen(StreamMessageProducer.java:94)
	at org.eclipse.lsp4j.jsonrpc.json.ConcurrentMessageProcessor.run(ConcurrentMessageProcessor.java:113)
	at java.util.concurrent.Executors$RunnableAdapter.call(Executors.java:515)
	at java.util.concurrent.FutureTask.run(FutureTask.java:264)
	at java.util.concurrent.ThreadPoolExecutor.runWorker(ThreadPoolExecutor.java:1128)
	at java.util.concurrent.ThreadPoolExecutor$Worker.run(ThreadPoolExecutor.java:628)
	at java.lang.Thread.run(Thread.java:829)
[0m
[0m2021.07.30 21:33:08 ERROR open browser: https://scalameta.org/metals/docs/editors/vscode.html
java.io.IOException: Cannot run program "xdg-open": error=2, No such file or directory
	at java.lang.ProcessBuilder.start(ProcessBuilder.java:1128)
	at java.lang.ProcessBuilder.start(ProcessBuilder.java:1071)
	at scala.sys.process.ProcessBuilderImpl$Simple.run(ProcessBuilderImpl.scala:75)
	at scala.sys.process.ProcessBuilderImpl$AbstractBuilder.$bang(ProcessBuilderImpl.scala:119)
	at scala.sys.process.ProcessBuilderImpl$AbstractBuilder.slurp(ProcessBuilderImpl.scala:135)
	at scala.sys.process.ProcessBuilderImpl$AbstractBuilder.$bang$bang(ProcessBuilderImpl.scala:108)
	at scala.meta.internal.metals.Urls$.openBrowser(Urls.scala:33)
	at scala.meta.internal.metals.MetalsLanguageServer.executeCommand(MetalsLanguageServer.scala:1609)
	at jdk.internal.reflect.NativeMethodAccessorImpl.invoke0(Native Method)
	at jdk.internal.reflect.NativeMethodAccessorImpl.invoke(NativeMethodAccessorImpl.java:62)
	at jdk.internal.reflect.DelegatingMethodAccessorImpl.invoke(DelegatingMethodAccessorImpl.java:43)
	at java.lang.reflect.Method.invoke(Method.java:566)
	at org.eclipse.lsp4j.jsonrpc.services.GenericEndpoint.lambda$null$0(GenericEndpoint.java:65)
	at org.eclipse.lsp4j.jsonrpc.services.GenericEndpoint.request(GenericEndpoint.java:120)
	at org.eclipse.lsp4j.jsonrpc.RemoteEndpoint.handleRequest(RemoteEndpoint.java:261)
	at org.eclipse.lsp4j.jsonrpc.RemoteEndpoint.consume(RemoteEndpoint.java:190)
	at org.eclipse.lsp4j.jsonrpc.json.StreamMessageProducer.handleMessage(StreamMessageProducer.java:194)
	at org.eclipse.lsp4j.jsonrpc.json.StreamMessageProducer.listen(StreamMessageProducer.java:94)
	at org.eclipse.lsp4j.jsonrpc.json.ConcurrentMessageProcessor.run(ConcurrentMessageProcessor.java:113)
	at java.util.concurrent.Executors$RunnableAdapter.call(Executors.java:515)
	at java.util.concurrent.FutureTask.run(FutureTask.java:264)
	at java.util.concurrent.ThreadPoolExecutor.runWorker(ThreadPoolExecutor.java:1128)
	at java.util.concurrent.ThreadPoolExecutor$Worker.run(ThreadPoolExecutor.java:628)
	at java.lang.Thread.run(Thread.java:829)
Caused by: java.io.IOException: error=2, No such file or directory
	at java.lang.ProcessImpl.forkAndExec(Native Method)
	at java.lang.ProcessImpl.<init>(ProcessImpl.java:340)
	at java.lang.ProcessImpl.start(ProcessImpl.java:271)
	at java.lang.ProcessBuilder.start(ProcessBuilder.java:1107)
	at java.lang.ProcessBuilder.start(ProcessBuilder.java:1071)
	at scala.sys.process.ProcessBuilderImpl$Simple.run(ProcessBuilderImpl.scala:75)
	at scala.sys.process.ProcessBuilderImpl$AbstractBuilder.$bang(ProcessBuilderImpl.scala:119)
	at scala.sys.process.ProcessBuilderImpl$AbstractBuilder.slurp(ProcessBuilderImpl.scala:135)
	at scala.sys.process.ProcessBuilderImpl$AbstractBuilder.$bang$bang(ProcessBuilderImpl.scala:108)
	at scala.meta.internal.metals.Urls$.openBrowser(Urls.scala:33)
	at scala.meta.internal.metals.MetalsLanguageServer.executeCommand(MetalsLanguageServer.scala:1609)
	at jdk.internal.reflect.NativeMethodAccessorImpl.invoke0(Native Method)
	at jdk.internal.reflect.NativeMethodAccessorImpl.invoke(NativeMethodAccessorImpl.java:62)
	at jdk.internal.reflect.DelegatingMethodAccessorImpl.invoke(DelegatingMethodAccessorImpl.java:43)
	at java.lang.reflect.Method.invoke(Method.java:566)
	at org.eclipse.lsp4j.jsonrpc.services.GenericEndpoint.lambda$null$0(GenericEndpoint.java:65)
	at org.eclipse.lsp4j.jsonrpc.services.GenericEndpoint.request(GenericEndpoint.java:120)
	at org.eclipse.lsp4j.jsonrpc.RemoteEndpoint.handleRequest(RemoteEndpoint.java:261)
	at org.eclipse.lsp4j.jsonrpc.RemoteEndpoint.consume(RemoteEndpoint.java:190)
	at org.eclipse.lsp4j.jsonrpc.json.StreamMessageProducer.handleMessage(StreamMessageProducer.java:194)
	at org.eclipse.lsp4j.jsonrpc.json.StreamMessageProducer.listen(StreamMessageProducer.java:94)
	at org.eclipse.lsp4j.jsonrpc.json.ConcurrentMessageProcessor.run(ConcurrentMessageProcessor.java:113)
	at java.util.concurrent.Executors$RunnableAdapter.call(Executors.java:515)
	at java.util.concurrent.FutureTask.run(FutureTask.java:264)
	at java.util.concurrent.ThreadPoolExecutor.runWorker(ThreadPoolExecutor.java:1128)
	at java.util.concurrent.ThreadPoolExecutor$Worker.run(ThreadPoolExecutor.java:628)
	at java.lang.Thread.run(Thread.java:829)
[0m
[0m2021.07.30 21:33:08 ERROR open browser: https://scalameta.org/metals/docs/editors/vscode.html
java.io.IOException: Cannot run program "xdg-open": error=2, No such file or directory
	at java.lang.ProcessBuilder.start(ProcessBuilder.java:1128)
	at java.lang.ProcessBuilder.start(ProcessBuilder.java:1071)
	at scala.sys.process.ProcessBuilderImpl$Simple.run(ProcessBuilderImpl.scala:75)
	at scala.sys.process.ProcessBuilderImpl$AbstractBuilder.$bang(ProcessBuilderImpl.scala:119)
	at scala.sys.process.ProcessBuilderImpl$AbstractBuilder.slurp(ProcessBuilderImpl.scala:135)
	at scala.sys.process.ProcessBuilderImpl$AbstractBuilder.$bang$bang(ProcessBuilderImpl.scala:108)
	at scala.meta.internal.metals.Urls$.openBrowser(Urls.scala:33)
	at scala.meta.internal.metals.MetalsLanguageServer.executeCommand(MetalsLanguageServer.scala:1609)
	at jdk.internal.reflect.NativeMethodAccessorImpl.invoke0(Native Method)
	at jdk.internal.reflect.NativeMethodAccessorImpl.invoke(NativeMethodAccessorImpl.java:62)
	at jdk.internal.reflect.DelegatingMethodAccessorImpl.invoke(DelegatingMethodAccessorImpl.java:43)
	at java.lang.reflect.Method.invoke(Method.java:566)
	at org.eclipse.lsp4j.jsonrpc.services.GenericEndpoint.lambda$null$0(GenericEndpoint.java:65)
	at org.eclipse.lsp4j.jsonrpc.services.GenericEndpoint.request(GenericEndpoint.java:120)
	at org.eclipse.lsp4j.jsonrpc.RemoteEndpoint.handleRequest(RemoteEndpoint.java:261)
	at org.eclipse.lsp4j.jsonrpc.RemoteEndpoint.consume(RemoteEndpoint.java:190)
	at org.eclipse.lsp4j.jsonrpc.json.StreamMessageProducer.handleMessage(StreamMessageProducer.java:194)
	at org.eclipse.lsp4j.jsonrpc.json.StreamMessageProducer.listen(StreamMessageProducer.java:94)
	at org.eclipse.lsp4j.jsonrpc.json.ConcurrentMessageProcessor.run(ConcurrentMessageProcessor.java:113)
	at java.util.concurrent.Executors$RunnableAdapter.call(Executors.java:515)
	at java.util.concurrent.FutureTask.run(FutureTask.java:264)
	at java.util.concurrent.ThreadPoolExecutor.runWorker(ThreadPoolExecutor.java:1128)
	at java.util.concurrent.ThreadPoolExecutor$Worker.run(ThreadPoolExecutor.java:628)
	at java.lang.Thread.run(Thread.java:829)
Caused by: java.io.IOException: error=2, No such file or directory
	at java.lang.ProcessImpl.forkAndExec(Native Method)
	at java.lang.ProcessImpl.<init>(ProcessImpl.java:340)
	at java.lang.ProcessImpl.start(ProcessImpl.java:271)
	at java.lang.ProcessBuilder.start(ProcessBuilder.java:1107)
	at java.lang.ProcessBuilder.start(ProcessBuilder.java:1071)
	at scala.sys.process.ProcessBuilderImpl$Simple.run(ProcessBuilderImpl.scala:75)
	at scala.sys.process.ProcessBuilderImpl$AbstractBuilder.$bang(ProcessBuilderImpl.scala:119)
	at scala.sys.process.ProcessBuilderImpl$AbstractBuilder.slurp(ProcessBuilderImpl.scala:135)
	at scala.sys.process.ProcessBuilderImpl$AbstractBuilder.$bang$bang(ProcessBuilderImpl.scala:108)
	at scala.meta.internal.metals.Urls$.openBrowser(Urls.scala:33)
	at scala.meta.internal.metals.MetalsLanguageServer.executeCommand(MetalsLanguageServer.scala:1609)
	at jdk.internal.reflect.NativeMethodAccessorImpl.invoke0(Native Method)
	at jdk.internal.reflect.NativeMethodAccessorImpl.invoke(NativeMethodAccessorImpl.java:62)
	at jdk.internal.reflect.DelegatingMethodAccessorImpl.invoke(DelegatingMethodAccessorImpl.java:43)
	at java.lang.reflect.Method.invoke(Method.java:566)
	at org.eclipse.lsp4j.jsonrpc.services.GenericEndpoint.lambda$null$0(GenericEndpoint.java:65)
	at org.eclipse.lsp4j.jsonrpc.services.GenericEndpoint.request(GenericEndpoint.java:120)
	at org.eclipse.lsp4j.jsonrpc.RemoteEndpoint.handleRequest(RemoteEndpoint.java:261)
	at org.eclipse.lsp4j.jsonrpc.RemoteEndpoint.consume(RemoteEndpoint.java:190)
	at org.eclipse.lsp4j.jsonrpc.json.StreamMessageProducer.handleMessage(StreamMessageProducer.java:194)
	at org.eclipse.lsp4j.jsonrpc.json.StreamMessageProducer.listen(StreamMessageProducer.java:94)
	at org.eclipse.lsp4j.jsonrpc.json.ConcurrentMessageProcessor.run(ConcurrentMessageProcessor.java:113)
	at java.util.concurrent.Executors$RunnableAdapter.call(Executors.java:515)
	at java.util.concurrent.FutureTask.run(FutureTask.java:264)
	at java.util.concurrent.ThreadPoolExecutor.runWorker(ThreadPoolExecutor.java:1128)
	at java.util.concurrent.ThreadPoolExecutor$Worker.run(ThreadPoolExecutor.java:628)
	at java.lang.Thread.run(Thread.java:829)
[0m
[0m2021.07.30 21:33:09 ERROR open browser: https://scalameta.org/metals/docs/editors/vscode.html
java.io.IOException: Cannot run program "xdg-open": error=2, No such file or directory
	at java.lang.ProcessBuilder.start(ProcessBuilder.java:1128)
	at java.lang.ProcessBuilder.start(ProcessBuilder.java:1071)
	at scala.sys.process.ProcessBuilderImpl$Simple.run(ProcessBuilderImpl.scala:75)
	at scala.sys.process.ProcessBuilderImpl$AbstractBuilder.$bang(ProcessBuilderImpl.scala:119)
	at scala.sys.process.ProcessBuilderImpl$AbstractBuilder.slurp(ProcessBuilderImpl.scala:135)
	at scala.sys.process.ProcessBuilderImpl$AbstractBuilder.$bang$bang(ProcessBuilderImpl.scala:108)
	at scala.meta.internal.metals.Urls$.openBrowser(Urls.scala:33)
	at scala.meta.internal.metals.MetalsLanguageServer.executeCommand(MetalsLanguageServer.scala:1609)
	at jdk.internal.reflect.NativeMethodAccessorImpl.invoke0(Native Method)
	at jdk.internal.reflect.NativeMethodAccessorImpl.invoke(NativeMethodAccessorImpl.java:62)
	at jdk.internal.reflect.DelegatingMethodAccessorImpl.invoke(DelegatingMethodAccessorImpl.java:43)
	at java.lang.reflect.Method.invoke(Method.java:566)
	at org.eclipse.lsp4j.jsonrpc.services.GenericEndpoint.lambda$null$0(GenericEndpoint.java:65)
	at org.eclipse.lsp4j.jsonrpc.services.GenericEndpoint.request(GenericEndpoint.java:120)
	at org.eclipse.lsp4j.jsonrpc.RemoteEndpoint.handleRequest(RemoteEndpoint.java:261)
	at org.eclipse.lsp4j.jsonrpc.RemoteEndpoint.consume(RemoteEndpoint.java:190)
	at org.eclipse.lsp4j.jsonrpc.json.StreamMessageProducer.handleMessage(StreamMessageProducer.java:194)
	at org.eclipse.lsp4j.jsonrpc.json.StreamMessageProducer.listen(StreamMessageProducer.java:94)
	at org.eclipse.lsp4j.jsonrpc.json.ConcurrentMessageProcessor.run(ConcurrentMessageProcessor.java:113)
	at java.util.concurrent.Executors$RunnableAdapter.call(Executors.java:515)
	at java.util.concurrent.FutureTask.run(FutureTask.java:264)
	at java.util.concurrent.ThreadPoolExecutor.runWorker(ThreadPoolExecutor.java:1128)
	at java.util.concurrent.ThreadPoolExecutor$Worker.run(ThreadPoolExecutor.java:628)
	at java.lang.Thread.run(Thread.java:829)
Caused by: java.io.IOException: error=2, No such file or directory
	at java.lang.ProcessImpl.forkAndExec(Native Method)
	at java.lang.ProcessImpl.<init>(ProcessImpl.java:340)
	at java.lang.ProcessImpl.start(ProcessImpl.java:271)
	at java.lang.ProcessBuilder.start(ProcessBuilder.java:1107)
	at java.lang.ProcessBuilder.start(ProcessBuilder.java:1071)
	at scala.sys.process.ProcessBuilderImpl$Simple.run(ProcessBuilderImpl.scala:75)
	at scala.sys.process.ProcessBuilderImpl$AbstractBuilder.$bang(ProcessBuilderImpl.scala:119)
	at scala.sys.process.ProcessBuilderImpl$AbstractBuilder.slurp(ProcessBuilderImpl.scala:135)
	at scala.sys.process.ProcessBuilderImpl$AbstractBuilder.$bang$bang(ProcessBuilderImpl.scala:108)
	at scala.meta.internal.metals.Urls$.openBrowser(Urls.scala:33)
	at scala.meta.internal.metals.MetalsLanguageServer.executeCommand(MetalsLanguageServer.scala:1609)
	at jdk.internal.reflect.NativeMethodAccessorImpl.invoke0(Native Method)
	at jdk.internal.reflect.NativeMethodAccessorImpl.invoke(NativeMethodAccessorImpl.java:62)
	at jdk.internal.reflect.DelegatingMethodAccessorImpl.invoke(DelegatingMethodAccessorImpl.java:43)
	at java.lang.reflect.Method.invoke(Method.java:566)
	at org.eclipse.lsp4j.jsonrpc.services.GenericEndpoint.lambda$null$0(GenericEndpoint.java:65)
	at org.eclipse.lsp4j.jsonrpc.services.GenericEndpoint.request(GenericEndpoint.java:120)
	at org.eclipse.lsp4j.jsonrpc.RemoteEndpoint.handleRequest(RemoteEndpoint.java:261)
	at org.eclipse.lsp4j.jsonrpc.RemoteEndpoint.consume(RemoteEndpoint.java:190)
	at org.eclipse.lsp4j.jsonrpc.json.StreamMessageProducer.handleMessage(StreamMessageProducer.java:194)
	at org.eclipse.lsp4j.jsonrpc.json.StreamMessageProducer.listen(StreamMessageProducer.java:94)
	at org.eclipse.lsp4j.jsonrpc.json.ConcurrentMessageProcessor.run(ConcurrentMessageProcessor.java:113)
	at java.util.concurrent.Executors$RunnableAdapter.call(Executors.java:515)
	at java.util.concurrent.FutureTask.run(FutureTask.java:264)
	at java.util.concurrent.ThreadPoolExecutor.runWorker(ThreadPoolExecutor.java:1128)
	at java.util.concurrent.ThreadPoolExecutor$Worker.run(ThreadPoolExecutor.java:628)
	at java.lang.Thread.run(Thread.java:829)
[0m
[0m2021.07.30 21:34:35 INFO  [0m
[0m2021.07.30 21:34:35 INFO  Template applied in /home/soa/Arienzo_Scotti_Giordano/Progetto_SOA/./soa_project[0m
[0m2021.07.30 21:34:35 INFO  [0m
[0m2021.07.30 21:34:35 INFO  giter8.Giter8 exit: 0[0m
[0m2021.07.30 21:34:35 INFO  time: ran 'giter8.Giter8' in 10s[0m
[0m2021.07.30 21:38:43 INFO  shutting down Metals[0m
[0m2021.07.30 21:38:43 INFO  Shut down connection with build server.[0m
[0m2021.07.30 21:38:43 INFO  Shut down connection with build server.[0m
No more data in the client stdin, exiting...
No more data in the client stdin, exiting...
No more data in the server stdin, exiting...
No more data in the server stdin, exiting...
No more data in the server stdin, exiting...
No more data in the server stdin, exiting...
[0m2021.07.30 21:42:35 INFO  Started: Metals version 0.10.5 in workspace '/home/soa/Arienzo_Scotti_Giordano/Progetto_SOA/SOA_Project' for client Visual Studio Code 1.58.2.[0m
[0m2021.07.30 21:42:38 INFO  time: initialize in 2.08s[0m
[0m2021.07.30 21:42:39 INFO  Attempting to connect to the build server...[0m
Starting the bsp launcher for bloop...
Opening a bsp server connection with 'bsp --protocol local --socket /tmp/bsp-launcher3988984211155981621/bsp.socket'...
Waiting for the bsp connection to come up...
[0m2021.07.30 21:42:39 WARN  no build target for: /home/soa/Arienzo_Scotti_Giordano/Progetto_SOA/SOA_Project/src/main/scala/SOA_Project.scala[0m
[0m2021.07.30 21:42:39 INFO  skipping build import with status 'Installed'[0m
[0m[32m[D][0m Loading workspace settings from bloop.settings.json
[0m[32m[D][0m Waiting for a connection at local:///tmp/bsp-launcher3988984211155981621/bsp.socket...
The server is listening for incoming connections at local:///tmp/bsp-launcher3988984211155981621/bsp.socket...
Starting thread that pumps stdin and redirects it to the bsp server...
Starting thread that pumps server stdout and redirects it to the client stdout...
[0m2021.07.30 21:42:39 INFO  tracing is disabled for protocol BSP, to enable tracing of incoming and outgoing JSON messages create an empty file at /home/soa/.cache/metals/bsp.trace.json[0m
[0m2021.07.30 21:42:39 WARN  Failed to write workspace settings: /home/soa/Arienzo_Scotti_Giordano/Progetto_SOA/SOA_Project/.bloop/bloop.settings.json[0m
[0m2021.07.30 21:42:39 INFO  Attempting to connect to the build server...[0m
Starting the bsp launcher for bloop...
Opening a bsp server connection with 'bsp --protocol local --socket /tmp/bsp-launcher15802860216819874975/bsp.socket'...
Waiting for the bsp connection to come up...
[0m[32m[D][0m Waiting for a connection at local:///tmp/bsp-launcher15802860216819874975/bsp.socket...
The server is listening for incoming connections at local:///tmp/bsp-launcher15802860216819874975/bsp.socket...
Starting thread that pumps stdin and redirects it to the bsp server...
Starting thread that pumps server stdout and redirects it to the client stdout...
[0m2021.07.30 21:42:40 INFO  tracing is disabled for protocol BSP, to enable tracing of incoming and outgoing JSON messages create an empty file at /home/soa/.cache/metals/bsp.trace.json[0m
[0m2021.07.30 21:42:40 INFO  time: Connected to build server in 0.94s[0m
[0m2021.07.30 21:42:40 INFO  Connected to Build server: Bloop v1.4.8-19-4d9f966b[0m
Jul 30, 2021 9:42:41 PM org.eclipse.lsp4j.jsonrpc.services.GenericEndpoint notify
INFO: Unsupported notification method: $/setTrace
[0m2021.07.30 21:42:44 INFO  no build target: using presentation compiler with only scala-library: 2.12.14[0m
[0m2021.07.30 21:42:44 ERROR Empty build targets. Expected at least one build target identifier.[0m
[0m2021.07.30 21:42:44 ERROR Empty build targets. Expected at least one build target identifier.[0m
[0m2021.07.30 21:42:44 ERROR Empty build targets. Expected at least one build target identifier.[0m
[0m2021.07.30 21:42:46 INFO  no build target: using presentation compiler with only scala-library: 2.12.14[0m
[0m2021.07.30 21:42:48 INFO  time: code lens generation in 9.03s[0m
[0m2021.07.30 21:42:50 INFO  time: indexed workspace in 6.6s[0m
[0m2021.07.30 21:42:50 WARN  no build target for: /home/soa/Arienzo_Scotti_Giordano/Progetto_SOA/SOA_Project/src/main/scala/SOA_Project.scala[0m
[0m2021.07.30 21:42:53 INFO  no build target: using presentation compiler with only scala-library: 2.12.12[0m
